0 info it worked if it ends with ok
1 verbose cli [ 'C:\\Program Files\\nodejs\\node.exe',
1 verbose cli   'C:\\Program Files\\nodejs\\node_modules\\npm\\bin\\npm-cli.js',
1 verbose cli   'run',
1 verbose cli   'test-dev' ]
2 info using npm@3.10.10
3 info using node@v6.10.0
4 verbose run-script [ 'pretest-dev', 'test-dev', 'posttest-dev' ]
5 info lifecycle @~pretest-dev: @
6 silly lifecycle @~pretest-dev: no script for pretest-dev, continuing
7 info lifecycle @~test-dev: @
8 verbose lifecycle @~test-dev: unsafe-perm in lifecycle true
9 verbose lifecycle @~test-dev: PATH: C:\Program Files\nodejs\node_modules\npm\bin\node-gyp-bin;C:\CodeCache\misc\Pitch59APITests\node_modules\.bin;C:\Program Files\PowerShell\7;C:\Program Files (x86)\VMware\VMware Workstation\bin\;C:\WINDOWS\system32;C:\WINDOWS;C:\WINDOWS\System32\Wbem;C:\WINDOWS\System32\WindowsPowerShell\v1.0\;C:\Program Files\Microsoft SQL Server\130\Tools\Binn\;C:\Program Files\nodejs\;C:\Program Files\Microsoft SQL Server\Client SDK\ODBC\130\Tools\Binn\;C:\Program Files (x86)\Microsoft SQL Server\130\Tools\Binn\;C:\Program Files\Microsoft SQL Server\130\DTS\Binn\;C:\Program Files (x86)\Microsoft SQL Server\Client SDK\ODBC\130\Tools\Binn\;C:\Program Files (x86)\Microsoft SQL Server\130\DTS\Binn\;C:\Program Files (x86)\Microsoft SQL Server\130\Tools\Binn\ManagementStudio\;C:\Program Files (x86)\Skype\Phone\;C:\Program Files\dotnet\;C:\Program Files\Git\cmd;C:\Program Files\PowerShell\6.0.1\;C:\WINDOWS\System32\OpenSSH\;C:\Program Files\Microsoft SQL Server\Client SDK\ODBC\170\Tools\Binn\;C:\Program Files\PowerShell\7-preview\preview;C:\Program Files\PowerShell\6\;C:\Program Files (x86)\Microsoft SQL Server\150\Tools\Binn\;C:\Program Files\Microsoft SQL Server\150\Tools\Binn\;C:\Program Files\Microsoft SQL Server\150\DTS\Binn\;C:\Program Files (x86)\dotnet\;C:\Program Files\Microsoft VS Code\bin;C:\Program Files\PowerShell\7\;C:\Program Files\Docker\Docker\resources\bin;C:\ProgramData\DockerDesktop\version-bin;C:\Users\craig\AppData\Local\Programs\Python\Python38-32\Scripts\;C:\Users\craig\AppData\Local\Programs\Python\Python38-32\;C:\Users\craig\AppData\Local\Microsoft\WindowsApps;C:\Users\craig\AppData\Roaming\npm;C:\Program Files (x86)\Nmap;C:\Program Files\Microsoft VS Code\bin;C:\Users\craig\.dotnet\tools;C:\Users\craig\AppData\Local\Microsoft\WindowsApps;C:\Users\craig\AppData\Local\Google\Cloud SDK\google-cloud-sdk\bin;C:\Users\craig\.dotnet\tools
10 verbose lifecycle @~test-dev: CWD: C:\CodeCache\misc\Pitch59APITests
11 silly lifecycle @~test-dev: Args: [ '/d /s /c', 'cross-env NODE_ENV=development jest' ]
12 silly lifecycle @~test-dev: Returned: code: 1  signal: null
13 info lifecycle @~test-dev: Failed to exec test-dev script
14 verbose stack Error: @ test-dev: `cross-env NODE_ENV=development jest`
14 verbose stack Exit status 1
14 verbose stack     at EventEmitter.<anonymous> (C:\Program Files\nodejs\node_modules\npm\lib\utils\lifecycle.js:255:16)
14 verbose stack     at emitTwo (events.js:106:13)
14 verbose stack     at EventEmitter.emit (events.js:191:7)
14 verbose stack     at ChildProcess.<anonymous> (C:\Program Files\nodejs\node_modules\npm\lib\utils\spawn.js:40:14)
14 verbose stack     at emitTwo (events.js:106:13)
14 verbose stack     at ChildProcess.emit (events.js:191:7)
14 verbose stack     at maybeClose (internal/child_process.js:877:16)
14 verbose stack     at Process.ChildProcess._handle.onexit (internal/child_process.js:226:5)
15 verbose pkgid @
16 verbose cwd C:\CodeCache\misc\Pitch59APITests
17 error Windows_NT 10.0.19042
18 error argv "C:\\Program Files\\nodejs\\node.exe" "C:\\Program Files\\nodejs\\node_modules\\npm\\bin\\npm-cli.js" "run" "test-dev"
19 error node v6.10.0
20 error npm  v3.10.10
21 error code ELIFECYCLE
22 error @ test-dev: `cross-env NODE_ENV=development jest`
22 error Exit status 1
23 error Failed at the @ test-dev script 'cross-env NODE_ENV=development jest'.
23 error Make sure you have the latest version of node.js and npm installed.
23 error If you do, this is most likely a problem with the  package,
23 error not with npm itself.
23 error Tell the author that this fails on your system:
23 error     cross-env NODE_ENV=development jest
23 error You can get information on how to open an issue for this project with:
23 error     npm bugs
23 error Or if that isn't available, you can get their info via:
23 error     npm owner ls
23 error There is likely additional logging output above.
24 verbose exit [ 1, true ]
